{
  "RSpec": {
    "coverage": {
      "/home/eder/rails_projects/sample_app/app/controllers/application_controller.rb": [
        1,
        1,
        1,
        null,
        null,
        1,
        0,
        0,
        null,
        null
      ],
      "/home/eder/rails_projects/sample_app/app/helpers/application_helper.rb": [
        1,
        1,
        0,
        0,
        0,
        null,
        null
      ],
      "/home/eder/rails_projects/sample_app/app/helpers/sessions_helper.rb": [
        1,
        1,
        60,
        60,
        null,
        null,
        1,
        1,
        1,
        null,
        null,
        1,
        420,
        null,
        null,
        1,
        61,
        null,
        1,
        1005,
        null,
        null,
        1,
        124,
        null,
        null,
        1,
        62,
        10,
        10,
        null,
        null,
        null,
        1,
        54,
        54,
        null,
        null,
        1,
        10,
        null,
        null,
        null
      ],
      "/home/eder/rails_projects/sample_app/app/helpers/static_pages_helper.rb": [
        1,
        null
      ],
      "/home/eder/rails_projects/sample_app/app/helpers/users_helper.rb": [
        1,
        null,
        1,
        212,
        212,
        212,
        212,
        null,
        null
      ],
      "/home/eder/rails_projects/sample_app/app/controllers/microposts_controller.rb": [
        1,
        1,
        1,
        null,
        1,
        3,
        3,
        1,
        1,
        null,
        2,
        2,
        null,
        null,
        null,
        1,
        1,
        1,
        null,
        null,
        1,
        null,
        1,
        1,
        1,
        null,
        null,
        null
      ],
      "/home/eder/rails_projects/sample_app/app/models/micropost.rb": [
        1,
        1,
        1,
        null,
        1,
        1,
        null,
        1,
        null,
        1,
        20,
        20,
        null,
        null,
        null
      ],
      "/home/eder/rails_projects/sample_app/app/controllers/relationships_controller.rb": [
        1,
        1,
        null,
        1,
        5,
        5,
        5,
        8,
        5,
        null,
        null,
        null,
        1,
        5,
        5,
        5,
        8,
        5,
        null,
        null,
        null
      ],
      "/home/eder/rails_projects/sample_app/app/models/relationship.rb": [
        1,
        1,
        null,
        1,
        1,
        null,
        1,
        1,
        null,
        null
      ],
      "/home/eder/rails_projects/sample_app/app/controllers/sessions_controller.rb": [
        1,
        null,
        1,
        null,
        57,
        57,
        54,
        54,
        null,
        3,
        3,
        null,
        null,
        null,
        null,
        null,
        1,
        null,
        null,
        null,
        1,
        1,
        1,
        null,
        null,
        null,
        null
      ],
      "/home/eder/rails_projects/sample_app/app/controllers/static_pages_controller.rb": [
        1,
        1,
        23,
        12,
        12,
        null,
        null,
        null,
        1,
        null,
        null,
        1,
        null,
        null,
        1,
        null,
        null,
        null
      ],
      "/home/eder/rails_projects/sample_app/app/controllers/users_controller.rb": [
        1,
        1,
        1,
        1,
        null,
        1,
        1,
        1,
        1,
        null,
        null,
        1,
        12,
        null,
        null,
        1,
        84,
        84,
        null,
        null,
        1,
        5,
        null,
        null,
        1,
        2,
        2,
        1,
        1,
        1,
        null,
        1,
        null,
        null,
        1,
        10,
        null,
        null,
        1,
        6,
        5,
        5,
        5,
        null,
        1,
        null,
        null,
        null,
        1,
        3,
        3,
        3,
        3,
        null,
        null,
        1,
        3,
        3,
        3,
        3,
        null,
        null,
        1,
        1,
        18,
        18,
        null,
        null,
        1,
        2,
        null,
        null,
        null
      ],
      "/home/eder/rails_projects/sample_app/app/models/user.rb": [
        1,
        1,
        1,
        1,
        1,
        1,
        1,
        1,
        null,
        183,
        1,
        null,
        1,
        1,
        1,
        null,
        null,
        1,
        1,
        null,
        1,
        0,
        null,
        null,
        1,
        14,
        null,
        null,
        1,
        27,
        null,
        null,
        1,
        7,
        null,
        null,
        1,
        20,
        null,
        null,
        1,
        1,
        182,
        null,
        null
      ]
    },
    "timestamp": 1364423759
  }
}
